2021-02-20 11:04:16.675  INFO 26852 --- [main] co.edu.usbcali.demo.SpringBootRunner     : Starting SpringBootRunner using Java 14.0.2 on LAPTOP-4210B2KO with PID 26852 (C:\Users\steve\ProyectosSpring\demo-dermasoft\target\classes started by steve in C:\Users\steve\ProyectosSpring\demo-dermasoft)
2021-02-20 11:04:16.753  INFO 26852 --- [main] co.edu.usbcali.demo.SpringBootRunner     : No active profile set, falling back to default profiles: default
2021-02-20 11:04:28.214  INFO 26852 --- [main] .s.d.r.c.RepositoryConfigurationDelegate : Bootstrapping Spring Data JPA repositories in DEFAULT mode.
2021-02-20 11:04:28.821  INFO 26852 --- [main] .s.d.r.c.RepositoryConfigurationDelegate : Finished Spring Data repository scanning in 551 ms. Found 9 JPA repository interfaces.
2021-02-20 11:04:31.872  INFO 26852 --- [main] o.s.b.w.embedded.tomcat.TomcatWebServer  : Tomcat initialized with port(s): 9090 (http)
2021-02-20 11:04:31.912  INFO 26852 --- [main] o.apache.catalina.core.StandardService   : Starting service [Tomcat]
2021-02-20 11:04:31.914  INFO 26852 --- [main] org.apache.catalina.core.StandardEngine  : Starting Servlet engine: [Apache Tomcat/9.0.41]
2021-02-20 11:04:32.649  INFO 26852 --- [main] o.a.c.c.C.[Tomcat].[localhost].[/]       : Initializing Spring embedded WebApplicationContext
2021-02-20 11:04:32.651  INFO 26852 --- [main] w.s.c.ServletWebServerApplicationContext : Root WebApplicationContext: initialization completed in 15172 ms
2021-02-20 11:04:33.864  INFO 26852 --- [main] com.zaxxer.hikari.HikariDataSource       : HikariPool-1 - Starting...
2021-02-20 11:04:36.688  INFO 26852 --- [main] com.zaxxer.hikari.HikariDataSource       : HikariPool-1 - Start completed.
2021-02-20 11:04:37.035  INFO 26852 --- [main] o.hibernate.jpa.internal.util.LogHelper  : HHH000204: Processing PersistenceUnitInfo [name: default]
2021-02-20 11:04:37.419  INFO 26852 --- [main] org.hibernate.Version                    : HHH000412: Hibernate ORM core version 5.4.25.Final
2021-02-20 11:04:38.342  INFO 26852 --- [main] o.hibernate.annotations.common.Version   : HCANN000001: Hibernate Commons Annotations {5.1.2.Final}
2021-02-20 11:04:39.948  INFO 26852 --- [main] org.hibernate.dialect.Dialect            : HHH000400: Using dialect: org.hibernate.dialect.PostgreSQLDialect
2021-02-20 11:04:42.027  INFO 26852 --- [main] o.h.e.t.j.p.i.JtaPlatformInitiator       : HHH000490: Using JtaPlatform implementation: [org.hibernate.engine.transaction.jta.platform.internal.NoJtaPlatform]
2021-02-20 11:04:42.048  INFO 26852 --- [main] j.LocalContainerEntityManagerFactoryBean : Initialized JPA EntityManagerFactory for persistence unit 'default'
2021-02-20 11:04:43.112  WARN 26852 --- [main] JpaBaseConfiguration$JpaWebConfiguration : spring.jpa.open-in-view is enabled by default. Therefore, database queries may be performed during view rendering. Explicitly configure spring.jpa.open-in-view to disable this warning
2021-02-20 11:04:45.169  INFO 26852 --- [main] o.s.b.a.e.web.EndpointLinksResolver      : Exposing 14 endpoint(s) beneath base path '/actuator'
2021-02-20 11:04:45.417  INFO 26852 --- [main] co.edu.usbcali.demo.SwaggerConfig        : createRestApi
2021-02-20 11:04:45.428  INFO 26852 --- [main] co.edu.usbcali.demo.SwaggerConfig        : apiInfo
2021-02-20 11:04:46.501  INFO 26852 --- [main] o.s.s.web.DefaultSecurityFilterChain     : Will secure any request with [org.springframework.security.web.context.request.async.WebAsyncManagerIntegrationFilter@791dcda7, org.springframework.security.web.context.SecurityContextPersistenceFilter@2150dc64, org.springframework.security.web.header.HeaderWriterFilter@6c165921, org.springframework.web.filter.CorsFilter@35c95587, org.springframework.security.web.authentication.logout.LogoutFilter@6894d28d, co.edu.usbcali.demo.security.JWTAuthenticationFilter@828e2d8, co.edu.usbcali.demo.security.JWTAuthorizationFilter@43e9eddf, org.springframework.security.web.savedrequest.RequestCacheAwareFilter@258ff54a, org.springframework.security.web.servletapi.SecurityContextHolderAwareRequestFilter@2f271ae2, org.springframework.security.web.authentication.AnonymousAuthenticationFilter@548e70f0, org.springframework.security.web.session.SessionManagementFilter@7cecd959, org.springframework.security.web.access.ExceptionTranslationFilter@318155b1, org.springframework.security.web.access.intercept.FilterSecurityInterceptor@4708acc6]
2021-02-20 11:04:46.845  INFO 26852 --- [main] o.s.s.concurrent.ThreadPoolTaskExecutor  : Initializing ExecutorService 'applicationTaskExecutor'
2021-02-20 11:04:47.810  INFO 26852 --- [main] o.s.b.w.embedded.tomcat.TomcatWebServer  : Tomcat started on port(s): 9090 (http) with context path ''
2021-02-20 11:04:49.223  INFO 26852 --- [main] co.edu.usbcali.demo.SpringBootRunner     : Started SpringBootRunner in 34.185 seconds (JVM running for 40.14)
2021-02-20 11:06:18.536  INFO 26852 --- [http-nio-9090-exec-1] o.a.c.c.C.[Tomcat].[localhost].[/]       : Initializing Spring DispatcherServlet 'dispatcherServlet'
2021-02-20 11:06:18.539  INFO 26852 --- [http-nio-9090-exec-1] o.s.web.servlet.DispatcherServlet        : Initializing Servlet 'dispatcherServlet'
2021-02-20 11:06:18.549  INFO 26852 --- [http-nio-9090-exec-1] o.s.web.servlet.DispatcherServlet        : Completed initialization in 8 ms
2021-02-20 11:07:19.625  INFO 26852 --- [RMI TCP Connection(12)-127.0.0.1] inMXBeanRegistrar$SpringApplicationAdmin : Application shutdown requested.
2021-02-20 11:07:19.830  INFO 26852 --- [RMI TCP Connection(12)-127.0.0.1] o.s.s.concurrent.ThreadPoolTaskExecutor  : Shutting down ExecutorService 'applicationTaskExecutor'
2021-02-20 11:07:19.845  INFO 26852 --- [RMI TCP Connection(12)-127.0.0.1] j.LocalContainerEntityManagerFactoryBean : Closing JPA EntityManagerFactory for persistence unit 'default'
2021-02-20 11:07:19.924  INFO 26852 --- [RMI TCP Connection(12)-127.0.0.1] com.zaxxer.hikari.HikariDataSource       : HikariPool-1 - Shutdown initiated...
2021-02-20 11:07:20.098  INFO 26852 --- [RMI TCP Connection(12)-127.0.0.1] com.zaxxer.hikari.HikariDataSource       : HikariPool-1 - Shutdown completed.
2021-02-20 11:09:18.248  INFO 26380 --- [main] co.edu.usbcali.demo.SpringBootRunner     : Starting SpringBootRunner using Java 14.0.2 on LAPTOP-4210B2KO with PID 26380 (C:\Users\steve\ProyectosSpring\demo-dermasoft\target\classes started by steve in C:\Users\steve\ProyectosSpring\demo-dermasoft)
2021-02-20 11:09:18.258  INFO 26380 --- [main] co.edu.usbcali.demo.SpringBootRunner     : No active profile set, falling back to default profiles: default
2021-02-20 11:09:23.363  INFO 26380 --- [main] .s.d.r.c.RepositoryConfigurationDelegate : Bootstrapping Spring Data JPA repositories in DEFAULT mode.
2021-02-20 11:09:24.093  INFO 26380 --- [main] .s.d.r.c.RepositoryConfigurationDelegate : Finished Spring Data repository scanning in 696 ms. Found 9 JPA repository interfaces.
2021-02-20 11:09:26.907  INFO 26380 --- [main] o.s.b.w.embedded.tomcat.TomcatWebServer  : Tomcat initialized with port(s): 9090 (http)
2021-02-20 11:09:26.964  INFO 26380 --- [main] o.apache.catalina.core.StandardService   : Starting service [Tomcat]
2021-02-20 11:09:26.966  INFO 26380 --- [main] org.apache.catalina.core.StandardEngine  : Starting Servlet engine: [Apache Tomcat/9.0.41]
2021-02-20 11:09:27.555  INFO 26380 --- [main] o.a.c.c.C.[Tomcat].[localhost].[/]       : Initializing Spring embedded WebApplicationContext
2021-02-20 11:09:27.556  INFO 26380 --- [main] w.s.c.ServletWebServerApplicationContext : Root WebApplicationContext: initialization completed in 8859 ms
2021-02-20 11:09:28.268  INFO 26380 --- [main] com.zaxxer.hikari.HikariDataSource       : HikariPool-1 - Starting...
2021-02-20 11:09:31.389  INFO 26380 --- [main] com.zaxxer.hikari.HikariDataSource       : HikariPool-1 - Start completed.
2021-02-20 11:09:31.629  INFO 26380 --- [main] o.hibernate.jpa.internal.util.LogHelper  : HHH000204: Processing PersistenceUnitInfo [name: default]
2021-02-20 11:09:31.965  INFO 26380 --- [main] org.hibernate.Version                    : HHH000412: Hibernate ORM core version 5.4.25.Final
2021-02-20 11:09:32.814  INFO 26380 --- [main] o.hibernate.annotations.common.Version   : HCANN000001: Hibernate Commons Annotations {5.1.2.Final}
2021-02-20 11:09:34.006  INFO 26380 --- [main] org.hibernate.dialect.Dialect            : HHH000400: Using dialect: org.hibernate.dialect.PostgreSQLDialect
2021-02-20 11:09:36.949  INFO 26380 --- [main] o.h.e.t.j.p.i.JtaPlatformInitiator       : HHH000490: Using JtaPlatform implementation: [org.hibernate.engine.transaction.jta.platform.internal.NoJtaPlatform]
2021-02-20 11:09:36.986  INFO 26380 --- [main] j.LocalContainerEntityManagerFactoryBean : Initialized JPA EntityManagerFactory for persistence unit 'default'
2021-02-20 11:09:37.873  WARN 26380 --- [main] JpaBaseConfiguration$JpaWebConfiguration : spring.jpa.open-in-view is enabled by default. Therefore, database queries may be performed during view rendering. Explicitly configure spring.jpa.open-in-view to disable this warning
2021-02-20 11:09:39.079  INFO 26380 --- [main] o.s.b.a.e.web.EndpointLinksResolver      : Exposing 14 endpoint(s) beneath base path '/actuator'
2021-02-20 11:09:39.152  INFO 26380 --- [main] co.edu.usbcali.demo.SwaggerConfig        : createRestApi
2021-02-20 11:09:39.156  INFO 26380 --- [main] co.edu.usbcali.demo.SwaggerConfig        : apiInfo
2021-02-20 11:09:39.641  INFO 26380 --- [main] o.s.s.web.DefaultSecurityFilterChain     : Will secure any request with [org.springframework.security.web.context.request.async.WebAsyncManagerIntegrationFilter@45ed58b, org.springframework.security.web.context.SecurityContextPersistenceFilter@4f50e974, org.springframework.security.web.header.HeaderWriterFilter@7b9b244e, org.springframework.web.filter.CorsFilter@465e9090, org.springframework.security.web.authentication.logout.LogoutFilter@77d03738, co.edu.usbcali.demo.security.JWTAuthenticationFilter@7bfd8f92, co.edu.usbcali.demo.security.JWTAuthorizationFilter@38503309, org.springframework.security.web.savedrequest.RequestCacheAwareFilter@6223dbed, org.springframework.security.web.servletapi.SecurityContextHolderAwareRequestFilter@5c0d876c, org.springframework.security.web.authentication.AnonymousAuthenticationFilter@4ad04b05, org.springframework.security.web.session.SessionManagementFilter@6d2413e, org.springframework.security.web.access.ExceptionTranslationFilter@2c8469fe, org.springframework.security.web.access.intercept.FilterSecurityInterceptor@4c020e58]
2021-02-20 11:09:39.940  INFO 26380 --- [main] o.s.s.concurrent.ThreadPoolTaskExecutor  : Initializing ExecutorService 'applicationTaskExecutor'
2021-02-20 11:09:40.831  INFO 26380 --- [main] o.s.b.w.embedded.tomcat.TomcatWebServer  : Tomcat started on port(s): 9090 (http) with context path ''
2021-02-20 11:09:41.778  INFO 26380 --- [RMI TCP Connection(3)-127.0.0.1] o.a.c.c.C.[Tomcat].[localhost].[/]       : Initializing Spring DispatcherServlet 'dispatcherServlet'
2021-02-20 11:09:41.779  INFO 26380 --- [RMI TCP Connection(3)-127.0.0.1] o.s.web.servlet.DispatcherServlet        : Initializing Servlet 'dispatcherServlet'
2021-02-20 11:09:41.782  INFO 26380 --- [RMI TCP Connection(3)-127.0.0.1] o.s.web.servlet.DispatcherServlet        : Completed initialization in 3 ms
2021-02-20 11:09:42.125  INFO 26380 --- [main] co.edu.usbcali.demo.SpringBootRunner     : Started SpringBootRunner in 25.926 seconds (JVM running for 30.335)
2021-02-20 11:09:59.594  INFO 26380 --- [RMI TCP Connection(10)-127.0.0.1] inMXBeanRegistrar$SpringApplicationAdmin : Application shutdown requested.
2021-02-20 11:09:59.808  INFO 26380 --- [RMI TCP Connection(10)-127.0.0.1] o.s.s.concurrent.ThreadPoolTaskExecutor  : Shutting down ExecutorService 'applicationTaskExecutor'
2021-02-20 11:09:59.826  INFO 26380 --- [RMI TCP Connection(10)-127.0.0.1] j.LocalContainerEntityManagerFactoryBean : Closing JPA EntityManagerFactory for persistence unit 'default'
2021-02-20 11:09:59.908  INFO 26380 --- [RMI TCP Connection(10)-127.0.0.1] com.zaxxer.hikari.HikariDataSource       : HikariPool-1 - Shutdown initiated...
2021-02-20 11:10:00.093  INFO 26380 --- [RMI TCP Connection(10)-127.0.0.1] com.zaxxer.hikari.HikariDataSource       : HikariPool-1 - Shutdown completed.
